<?xml version="1.0" encoding="UTF-8"?>
<!-- Generated by org.testng.reporters.JUnitXMLReporter -->
<testsuite ignored="0" hostname="MSI" failures="1" tests="1" name="Test(failed)(failed)" time="18.677" errors="0" timestamp="2024-01-10T21:22:20 IST">
  <testcase classname="TestCases.TC_002_loginaccount" name="LoginTest" time="15.223">
    <failure type="java.lang.AssertionError" message="null">
      <![CDATA[java.lang.AssertionError: null
at TestCases.TC_002_loginaccount.LoginTest(TC_002_loginaccount.java:39)
at java.base/java.util.ArrayList.forEach(ArrayList.java:1511)
... Removed 29 stack frames]]>
    </failure>
  </testcase> <!-- LoginTest -->
</testsuite> <!-- Test(failed)(failed) -->
