<?xml version="1.0" encoding="UTF-8"?>
<!-- Generated by org.testng.reporters.JUnitXMLReporter -->
<testsuite ignored="0" hostname="MSI" failures="1" tests="2" name="EdgeTest" time="207.357" errors="0" timestamp="2024-01-10T18:29:25 IST">
  <testcase classname="TestCases.TC_001_accountregistration" name="accountreg" time="195.463">
    <failure type="java.lang.AssertionError" message="null">
      <![CDATA[java.lang.AssertionError: null
at TestCases.TC_001_accountregistration.accountreg(TC_001_accountregistration.java:43)
at java.base/java.util.ArrayList.forEach(ArrayList.java:1511)
at java.base/java.util.concurrent.FutureTask.run(FutureTask.java:264)
at java.base/java.util.concurrent.ThreadPoolExecutor.runWorker(ThreadPoolExecutor.java:1136)
at java.base/java.util.concurrent.ThreadPoolExecutor$Worker.run(ThreadPoolExecutor.java:635)
at java.base/java.lang.Thread.run(Thread.java:833)
... Removed 19 stack frames]]>
    </failure>
  </testcase> <!-- accountreg -->
  <testcase classname="TestCases.TC_002_loginaccount" name="LoginTest" time="2.056"/>
</testsuite> <!-- EdgeTest -->
