<?xml version="1.0" encoding="UTF-8"?>
<!-- Generated by org.testng.reporters.JUnitXMLReporter -->
<testsuite ignored="0" hostname="MSI" failures="1" tests="2" name="Test(failed)" time="29.403" errors="0" timestamp="2024-01-10T21:21:29 IST">
  <testcase classname="TestCases.TC_002_loginaccount" name="LoginTest" time="15.413">
    <failure type="java.lang.AssertionError" message="null">
      <![CDATA[java.lang.AssertionError: null
at TestCases.TC_002_loginaccount.LoginTest(TC_002_loginaccount.java:39)
at java.base/java.util.ArrayList.forEach(ArrayList.java:1511)
... Removed 29 stack frames]]>
    </failure>
  </testcase> <!-- LoginTest -->
  <testcase classname="TestCases.TC_001_accountregistration" name="accountreg" time="7.551"/>
</testsuite> <!-- Test(failed) -->
